[16:20:02:177] - [restartedMain] [INFO] - c.w.ourtask.OurTaskApplication - Starting OurTaskApplication on LAPTOP-QUCGL4QE with PID 18200 (D:\study\java\our-task\java\target\classes started by daxingyong in D:\study\java\our-task)
[16:20:02:186] - [restartedMain] [INFO] - c.w.ourtask.OurTaskApplication - The following profiles are active: dev
[16:20:02:244] - [restartedMain] [INFO] - o.s.b.d.e.DevToolsPropertyDefaultsPostProcessor - Devtools property defaults active! Set 'spring.devtools.add-properties' to 'false' to disable
[16:20:02:244] - [restartedMain] [INFO] - o.s.b.d.e.DevToolsPropertyDefaultsPostProcessor - For additional web related logging consider setting the 'logging.level.web' property to 'DEBUG'
[16:20:03:385] - [restartedMain] [INFO] - o.s.d.r.c.RepositoryConfigurationDelegate - Multiple Spring Data modules found, entering strict repository configuration mode!
[16:20:03:389] - [restartedMain] [INFO] - o.s.d.r.c.RepositoryConfigurationDelegate - Bootstrapping Spring Data Redis repositories in DEFAULT mode.
[16:20:03:420] - [restartedMain] [INFO] - o.s.d.r.c.RepositoryConfigurationDelegate - Finished Spring Data repository scanning in 20ms. Found 0 Redis repository interfaces.
[16:20:03:915] - [restartedMain] [INFO] - o.s.b.w.e.tomcat.TomcatWebServer - Tomcat initialized with port(s): 8888 (http)
[16:20:03:921] - [restartedMain] [INFO] - o.a.coyote.http11.Http11NioProtocol - Initializing ProtocolHandler ["http-nio-8888"]
[16:20:03:921] - [restartedMain] [INFO] - o.a.catalina.core.StandardService - Starting service [Tomcat]
[16:20:03:921] - [restartedMain] [INFO] - o.a.catalina.core.StandardEngine - Starting Servlet engine: [Apache Tomcat/9.0.36]
[16:20:03:923] - [restartedMain] [INFO] - o.a.c.core.AprLifecycleListener - Loaded Apache Tomcat Native library [1.2.23] using APR version [1.7.0].
[16:20:03:923] - [restartedMain] [INFO] - o.a.c.core.AprLifecycleListener - APR capabilities: IPv6 [true], sendfile [true], accept filters [false], random [true].
[16:20:03:923] - [restartedMain] [INFO] - o.a.c.core.AprLifecycleListener - APR/OpenSSL configuration: useAprConnector [false], useOpenSSL [true]
[16:20:03:925] - [restartedMain] [INFO] - o.a.c.core.AprLifecycleListener - OpenSSL successfully initialized [OpenSSL 1.1.1c  28 May 2019]
[16:20:04:006] - [restartedMain] [INFO] - o.a.c.c.C.[Tomcat].[localhost].[/] - Initializing Spring embedded WebApplicationContext
[16:20:04:007] - [restartedMain] [INFO] - o.s.b.w.s.c.ServletWebServerApplicationContext - Root WebApplicationContext: initialization completed in 1762 ms
[16:20:05:587] - [restartedMain] [INFO] - o.s.b.a.e.web.EndpointLinksResolver - Exposing 2 endpoint(s) beneath base path '/actuator'
[16:20:05:730] - [restartedMain] [INFO] - o.s.s.web.DefaultSecurityFilterChain - Creating filter chain: Ant [pattern='/css/**'], []
[16:20:05:730] - [restartedMain] [INFO] - o.s.s.web.DefaultSecurityFilterChain - Creating filter chain: Ant [pattern='/sign'], []
[16:20:05:730] - [restartedMain] [INFO] - o.s.s.web.DefaultSecurityFilterChain - Creating filter chain: Ant [pattern='/druid/**'], []
[16:20:05:750] - [restartedMain] [INFO] - o.s.s.web.DefaultSecurityFilterChain - Creating filter chain: any request, [org.springframework.security.web.context.request.async.WebAsyncManagerIntegrationFilter@785cf1ea, org.springframework.security.web.context.SecurityContextPersistenceFilter@62b5ef7c, org.springframework.security.web.header.HeaderWriterFilter@3d02ee55, org.springframework.security.web.authentication.logout.LogoutFilter@1d195ca, com.water76016.ourtask.config.security.jwt.JwtAuthTokenFilter@c6527e5, org.springframework.security.web.savedrequest.RequestCacheAwareFilter@1df65de9, org.springframework.security.web.servletapi.SecurityContextHolderAwareRequestFilter@4bdb1314, org.springframework.security.web.authentication.AnonymousAuthenticationFilter@5868471b, org.springframework.security.web.session.SessionManagementFilter@173f92c3, org.springframework.security.web.access.ExceptionTranslationFilter@393bb181, org.springframework.security.web.access.intercept.FilterSecurityInterceptor@7bcd009d]
[16:20:05:822] - [restartedMain] [INFO] - o.s.s.c.ThreadPoolTaskExecutor - Initializing ExecutorService 'applicationTaskExecutor'
[16:20:05:844] - [restartedMain] [INFO] - o.s.b.d.a.OptionalLiveReloadServer - LiveReload server is running on port 35729
[16:20:06:113] - [restartedMain] [INFO] - o.a.coyote.http11.Http11NioProtocol - Starting ProtocolHandler ["http-nio-8888"]
[16:20:06:130] - [restartedMain] [INFO] - o.s.b.w.e.tomcat.TomcatWebServer - Tomcat started on port(s): 8888 (http) with context path ''
[16:20:06:359] - [restartedMain] [INFO] - c.w.ourtask.OurTaskApplication - Started OurTaskApplication in 4.704 seconds (JVM running for 5.85)
[16:20:06:940] - [RMI TCP Connection(1)-172.21.80.1] [INFO] - o.a.c.c.C.[Tomcat].[localhost].[/] - Initializing Spring DispatcherServlet 'dispatcherServlet'
[16:20:06:940] - [RMI TCP Connection(1)-172.21.80.1] [INFO] - o.s.web.servlet.DispatcherServlet - Initializing Servlet 'dispatcherServlet'
[16:20:06:946] - [RMI TCP Connection(1)-172.21.80.1] [INFO] - o.s.web.servlet.DispatcherServlet - Completed initialization in 6 ms
[16:20:07:093] - [RMI TCP Connection(2)-172.21.80.1] [INFO] - c.alibaba.druid.pool.DruidDataSource - {dataSource-1} inited
[16:21:49:699] - [restartedMain] [INFO] - c.w.ourtask.OurTaskApplication - Starting OurTaskApplication on LAPTOP-QUCGL4QE with PID 13852 (D:\study\java\our-task\java\target\classes started by daxingyong in D:\study\java\our-task)
[16:21:49:701] - [restartedMain] [INFO] - c.w.ourtask.OurTaskApplication - The following profiles are active: dev
[16:21:49:740] - [restartedMain] [INFO] - o.s.b.d.e.DevToolsPropertyDefaultsPostProcessor - Devtools property defaults active! Set 'spring.devtools.add-properties' to 'false' to disable
[16:21:49:740] - [restartedMain] [INFO] - o.s.b.d.e.DevToolsPropertyDefaultsPostProcessor - For additional web related logging consider setting the 'logging.level.web' property to 'DEBUG'
[16:21:50:783] - [restartedMain] [INFO] - o.s.d.r.c.RepositoryConfigurationDelegate - Multiple Spring Data modules found, entering strict repository configuration mode!
[16:21:50:785] - [restartedMain] [INFO] - o.s.d.r.c.RepositoryConfigurationDelegate - Bootstrapping Spring Data Redis repositories in DEFAULT mode.
[16:21:50:818] - [restartedMain] [INFO] - o.s.d.r.c.RepositoryConfigurationDelegate - Finished Spring Data repository scanning in 23ms. Found 0 Redis repository interfaces.
[16:21:51:331] - [restartedMain] [INFO] - o.s.b.w.e.tomcat.TomcatWebServer - Tomcat initialized with port(s): 8888 (http)
[16:21:51:337] - [restartedMain] [INFO] - o.a.coyote.http11.Http11NioProtocol - Initializing ProtocolHandler ["http-nio-8888"]
[16:21:51:337] - [restartedMain] [INFO] - o.a.catalina.core.StandardService - Starting service [Tomcat]
[16:21:51:337] - [restartedMain] [INFO] - o.a.catalina.core.StandardEngine - Starting Servlet engine: [Apache Tomcat/9.0.36]
[16:21:51:339] - [restartedMain] [INFO] - o.a.c.core.AprLifecycleListener - Loaded Apache Tomcat Native library [1.2.23] using APR version [1.7.0].
[16:21:51:339] - [restartedMain] [INFO] - o.a.c.core.AprLifecycleListener - APR capabilities: IPv6 [true], sendfile [true], accept filters [false], random [true].
[16:21:51:339] - [restartedMain] [INFO] - o.a.c.core.AprLifecycleListener - APR/OpenSSL configuration: useAprConnector [false], useOpenSSL [true]
[16:21:51:342] - [restartedMain] [INFO] - o.a.c.core.AprLifecycleListener - OpenSSL successfully initialized [OpenSSL 1.1.1c  28 May 2019]
[16:21:51:418] - [restartedMain] [INFO] - o.a.c.c.C.[Tomcat].[localhost].[/] - Initializing Spring embedded WebApplicationContext
[16:21:51:418] - [restartedMain] [INFO] - o.s.b.w.s.c.ServletWebServerApplicationContext - Root WebApplicationContext: initialization completed in 1677 ms
[16:21:53:004] - [restartedMain] [INFO] - o.s.b.a.e.web.EndpointLinksResolver - Exposing 2 endpoint(s) beneath base path '/actuator'
[16:21:53:143] - [restartedMain] [INFO] - o.s.s.web.DefaultSecurityFilterChain - Creating filter chain: Ant [pattern='/css/**'], []
[16:21:53:143] - [restartedMain] [INFO] - o.s.s.web.DefaultSecurityFilterChain - Creating filter chain: Ant [pattern='/sign'], []
[16:21:53:143] - [restartedMain] [INFO] - o.s.s.web.DefaultSecurityFilterChain - Creating filter chain: Ant [pattern='/druid/**'], []
[16:21:53:166] - [restartedMain] [INFO] - o.s.s.web.DefaultSecurityFilterChain - Creating filter chain: any request, [org.springframework.security.web.context.request.async.WebAsyncManagerIntegrationFilter@13e219ad, org.springframework.security.web.context.SecurityContextPersistenceFilter@2c021fba, org.springframework.security.web.header.HeaderWriterFilter@7806ec30, org.springframework.security.web.authentication.logout.LogoutFilter@43680a7f, com.water76016.ourtask.config.security.jwt.JwtAuthTokenFilter@3fb5d15e, org.springframework.security.web.savedrequest.RequestCacheAwareFilter@7f347284, org.springframework.security.web.servletapi.SecurityContextHolderAwareRequestFilter@27dd9016, org.springframework.security.web.authentication.AnonymousAuthenticationFilter@20367961, org.springframework.security.web.session.SessionManagementFilter@c4ebc73, org.springframework.security.web.access.ExceptionTranslationFilter@65cc5e4d, org.springframework.security.web.access.intercept.FilterSecurityInterceptor@2b09bcad]
[16:21:53:244] - [restartedMain] [INFO] - o.s.s.c.ThreadPoolTaskExecutor - Initializing ExecutorService 'applicationTaskExecutor'
[16:21:53:267] - [restartedMain] [INFO] - o.s.b.d.a.OptionalLiveReloadServer - LiveReload server is running on port 35729
[16:21:53:557] - [restartedMain] [INFO] - o.a.coyote.http11.Http11NioProtocol - Starting ProtocolHandler ["http-nio-8888"]
[16:21:53:574] - [restartedMain] [INFO] - o.s.b.w.e.tomcat.TomcatWebServer - Tomcat started on port(s): 8888 (http) with context path ''
[16:21:53:805] - [restartedMain] [INFO] - c.w.ourtask.OurTaskApplication - Started OurTaskApplication in 4.58 seconds (JVM running for 5.735)
[16:21:54:302] - [RMI TCP Connection(1)-172.21.80.1] [INFO] - o.a.c.c.C.[Tomcat].[localhost].[/] - Initializing Spring DispatcherServlet 'dispatcherServlet'
[16:21:54:302] - [RMI TCP Connection(1)-172.21.80.1] [INFO] - o.s.web.servlet.DispatcherServlet - Initializing Servlet 'dispatcherServlet'
[16:21:54:307] - [RMI TCP Connection(1)-172.21.80.1] [INFO] - o.s.web.servlet.DispatcherServlet - Completed initialization in 5 ms
[16:21:54:969] - [RMI TCP Connection(3)-172.21.80.1] [INFO] - c.alibaba.druid.pool.DruidDataSource - {dataSource-1} inited
[16:22:15:852] - [http-nio-8888-exec-4] [INFO] - c.w.o.controller.CategoryController - 添加分类成功Category(id=149, userId=1, name=撒打打发, createTime=Wed Feb 03 16:22:15 CST 2021, updateTime=Wed Feb 03 16:22:15 CST 2021, run=null, taskCount=null)
[16:24:29:208] - [http-nio-8888-exec-2] [INFO] - c.w.o.controller.CategoryController - 添加分类成功Category(id=150, userId=1, name=阿发, createTime=Wed Feb 03 16:24:29 CST 2021, updateTime=Wed Feb 03 16:24:29 CST 2021, run=null, taskCount=null)
[16:29:12:212] - [restartedMain] [INFO] - c.w.ourtask.OurTaskApplication - Starting OurTaskApplication on LAPTOP-QUCGL4QE with PID 20704 (D:\study\java\our-task\java\target\classes started by daxingyong in D:\study\java\our-task)
[16:29:12:215] - [restartedMain] [INFO] - c.w.ourtask.OurTaskApplication - The following profiles are active: dev
[16:29:12:268] - [restartedMain] [INFO] - o.s.b.d.e.DevToolsPropertyDefaultsPostProcessor - Devtools property defaults active! Set 'spring.devtools.add-properties' to 'false' to disable
[16:29:12:268] - [restartedMain] [INFO] - o.s.b.d.e.DevToolsPropertyDefaultsPostProcessor - For additional web related logging consider setting the 'logging.level.web' property to 'DEBUG'
[16:29:13:532] - [restartedMain] [INFO] - o.s.d.r.c.RepositoryConfigurationDelegate - Multiple Spring Data modules found, entering strict repository configuration mode!
[16:29:13:535] - [restartedMain] [INFO] - o.s.d.r.c.RepositoryConfigurationDelegate - Bootstrapping Spring Data Redis repositories in DEFAULT mode.
[16:29:13:575] - [restartedMain] [INFO] - o.s.d.r.c.RepositoryConfigurationDelegate - Finished Spring Data repository scanning in 25ms. Found 0 Redis repository interfaces.
[16:29:14:172] - [restartedMain] [INFO] - o.s.b.w.e.tomcat.TomcatWebServer - Tomcat initialized with port(s): 8888 (http)
[16:29:14:178] - [restartedMain] [INFO] - o.a.coyote.http11.Http11NioProtocol - Initializing ProtocolHandler ["http-nio-8888"]
[16:29:14:179] - [restartedMain] [INFO] - o.a.catalina.core.StandardService - Starting service [Tomcat]
[16:29:14:179] - [restartedMain] [INFO] - o.a.catalina.core.StandardEngine - Starting Servlet engine: [Apache Tomcat/9.0.36]
[16:29:14:180] - [restartedMain] [INFO] - o.a.c.core.AprLifecycleListener - Loaded Apache Tomcat Native library [1.2.23] using APR version [1.7.0].
[16:29:14:181] - [restartedMain] [INFO] - o.a.c.core.AprLifecycleListener - APR capabilities: IPv6 [true], sendfile [true], accept filters [false], random [true].
[16:29:14:181] - [restartedMain] [INFO] - o.a.c.core.AprLifecycleListener - APR/OpenSSL configuration: useAprConnector [false], useOpenSSL [true]
[16:29:14:183] - [restartedMain] [INFO] - o.a.c.core.AprLifecycleListener - OpenSSL successfully initialized [OpenSSL 1.1.1c  28 May 2019]
[16:29:14:271] - [restartedMain] [INFO] - o.a.c.c.C.[Tomcat].[localhost].[/] - Initializing Spring embedded WebApplicationContext
[16:29:14:272] - [restartedMain] [INFO] - o.s.b.w.s.c.ServletWebServerApplicationContext - Root WebApplicationContext: initialization completed in 2004 ms
[16:29:16:305] - [restartedMain] [INFO] - o.s.b.a.e.web.EndpointLinksResolver - Exposing 2 endpoint(s) beneath base path '/actuator'
[16:29:16:481] - [restartedMain] [INFO] - o.s.s.web.DefaultSecurityFilterChain - Creating filter chain: Ant [pattern='/css/**'], []
[16:29:16:481] - [restartedMain] [INFO] - o.s.s.web.DefaultSecurityFilterChain - Creating filter chain: Ant [pattern='/sign'], []
[16:29:16:481] - [restartedMain] [INFO] - o.s.s.web.DefaultSecurityFilterChain - Creating filter chain: Ant [pattern='/druid/**'], []
[16:29:16:511] - [restartedMain] [INFO] - o.s.s.web.DefaultSecurityFilterChain - Creating filter chain: any request, [org.springframework.security.web.context.request.async.WebAsyncManagerIntegrationFilter@665e8eb7, org.springframework.security.web.context.SecurityContextPersistenceFilter@565fb314, org.springframework.security.web.header.HeaderWriterFilter@2d771323, org.springframework.security.web.authentication.logout.LogoutFilter@75f0d0ee, com.water76016.ourtask.config.security.jwt.JwtAuthTokenFilter@66731297, org.springframework.security.web.savedrequest.RequestCacheAwareFilter@74904a74, org.springframework.security.web.servletapi.SecurityContextHolderAwareRequestFilter@23e20d0b, org.springframework.security.web.authentication.AnonymousAuthenticationFilter@296c4f0, org.springframework.security.web.session.SessionManagementFilter@777fe4de, org.springframework.security.web.access.ExceptionTranslationFilter@117067c6, org.springframework.security.web.access.intercept.FilterSecurityInterceptor@43bd9685]
[16:29:16:618] - [restartedMain] [INFO] - o.s.s.c.ThreadPoolTaskExecutor - Initializing ExecutorService 'applicationTaskExecutor'
[16:29:16:650] - [restartedMain] [INFO] - o.s.b.d.a.OptionalLiveReloadServer - LiveReload server is running on port 35729
[16:29:17:062] - [restartedMain] [INFO] - o.a.coyote.http11.Http11NioProtocol - Starting ProtocolHandler ["http-nio-8888"]
[16:29:17:082] - [restartedMain] [INFO] - o.s.b.w.e.tomcat.TomcatWebServer - Tomcat started on port(s): 8888 (http) with context path ''
[16:29:17:408] - [restartedMain] [INFO] - c.w.ourtask.OurTaskApplication - Started OurTaskApplication in 5.724 seconds (JVM running for 7.078)
[16:29:17:573] - [RMI TCP Connection(2)-172.21.80.1] [INFO] - o.a.c.c.C.[Tomcat].[localhost].[/] - Initializing Spring DispatcherServlet 'dispatcherServlet'
[16:29:17:573] - [RMI TCP Connection(2)-172.21.80.1] [INFO] - o.s.web.servlet.DispatcherServlet - Initializing Servlet 'dispatcherServlet'
[16:29:17:579] - [RMI TCP Connection(2)-172.21.80.1] [INFO] - o.s.web.servlet.DispatcherServlet - Completed initialization in 6 ms
[16:29:17:729] - [RMI TCP Connection(1)-172.21.80.1] [INFO] - c.alibaba.druid.pool.DruidDataSource - {dataSource-1} inited
[16:29:34:814] - [http-nio-8888-exec-2] [INFO] - c.w.o.controller.CategoryController - 添加分类成功Category(id=151, userId=1, name=大法师, createTime=Wed Feb 03 16:29:34 CST 2021, updateTime=Wed Feb 03 16:29:34 CST 2021, run=null, taskCount=null)
